6158 : 2026-03-14 14:44:01,454 : INFO : telemetry.main : Attempt start. Configuration directory [/home/mercy/.azure]. Cache directory [/home/mercy/.azure/telemetry/20260314144401307].
6158 : 2026-03-14 14:44:01,454 : INFO : telemetry.records : 1 cache files to upload.
6158 : 2026-03-14 14:44:01,454 : INFO : telemetry.records : Processed file /home/mercy/.azure/telemetry/20260314144401307/cache into 1 records.
6158 : 2026-03-14 14:44:01,455 : INFO : telemetry.records : Remove directory /home/mercy/.azure/telemetry/20260314144401307
6158 : 2026-03-14 14:44:01,455 : INFO : telemetry.client : Accumulated 1 events. Flush the clients.
6158 : 2026-03-14 14:44:01,455 : INFO : telemetry.client : Flush client c4395b75-49cc-422c-bc95-c7d51aef5d46.
6158 : 2026-03-14 14:44:01,612 : INFO : telemetry.sender : Sending 4536 bytes
6158 : 2026-03-14 14:44:01,612 : INFO : telemetry.sender : Finish uploading in 0.156800 seconds.
6188 : 2026-03-14 14:44:03,607 : INFO : telemetry.main : Attempt start. Configuration directory [/home/mercy/.azure]. Cache directory [/home/mercy/.azure/telemetry/20260314144403355].
6188 : 2026-03-14 14:44:03,607 : INFO : telemetry.records : 1 cache files to upload.
6188 : 2026-03-14 14:44:03,607 : INFO : telemetry.records : Processed file /home/mercy/.azure/telemetry/20260314144403355/cache into 1 records.
6188 : 2026-03-14 14:44:03,607 : INFO : telemetry.records : Remove directory /home/mercy/.azure/telemetry/20260314144403355
6188 : 2026-03-14 14:44:03,607 : INFO : telemetry.client : Accumulated 1 events. Flush the clients.
6188 : 2026-03-14 14:44:03,608 : INFO : telemetry.client : Flush client c4395b75-49cc-422c-bc95-c7d51aef5d46.
6188 : 2026-03-14 14:44:03,749 : INFO : telemetry.sender : Sending 4442 bytes
6188 : 2026-03-14 14:44:03,749 : INFO : telemetry.sender : Finish uploading in 0.141689 seconds.
6198 : 2026-03-14 14:44:03,883 : INFO : telemetry.main : Attempt start. Configuration directory [/home/mercy/.azure]. Cache directory [/home/mercy/.azure/telemetry/20260314144403706].
6198 : 2026-03-14 14:44:03,884 : INFO : telemetry.records : 1 cache files to upload.
6198 : 2026-03-14 14:44:03,884 : INFO : telemetry.records : Processed file /home/mercy/.azure/telemetry/20260314144403706/cache into 1 records.
6198 : 2026-03-14 14:44:03,884 : INFO : telemetry.records : Remove directory /home/mercy/.azure/telemetry/20260314144403706
6198 : 2026-03-14 14:44:03,885 : INFO : telemetry.client : Accumulated 1 events. Flush the clients.
6198 : 2026-03-14 14:44:03,885 : INFO : telemetry.client : Flush client c4395b75-49cc-422c-bc95-c7d51aef5d46.
6198 : 2026-03-14 14:44:04,080 : INFO : telemetry.sender : Sending 4518 bytes
6198 : 2026-03-14 14:44:04,080 : INFO : telemetry.sender : Finish uploading in 0.194854 seconds.
6223 : 2026-03-14 14:44:05,159 : INFO : telemetry.main : Attempt start. Configuration directory [/home/mercy/.azure]. Cache directory [/home/mercy/.azure/telemetry/20260314144405018].
6223 : 2026-03-14 14:44:05,160 : INFO : telemetry.records : 1 cache files to upload.
6223 : 2026-03-14 14:44:05,160 : INFO : telemetry.records : Processed file /home/mercy/.azure/telemetry/20260314144405018/cache into 1 records.
6223 : 2026-03-14 14:44:05,160 : INFO : telemetry.records : Remove directory /home/mercy/.azure/telemetry/20260314144405018
6223 : 2026-03-14 14:44:05,160 : INFO : telemetry.client : Accumulated 1 events. Flush the clients.
6223 : 2026-03-14 14:44:05,160 : INFO : telemetry.client : Flush client c4395b75-49cc-422c-bc95-c7d51aef5d46.
6223 : 2026-03-14 14:44:05,299 : INFO : telemetry.sender : Sending 4558 bytes
6223 : 2026-03-14 14:44:05,299 : INFO : telemetry.sender : Finish uploading in 0.138574 seconds.
